<?xml version="1.0" encoding="UTF-8" standalone="no"?>
<testsuite failures="0" name="cucumber.runtime.formatter.JUnitFormatter" skipped="0" tests="2" time="119.09083">
<testcase classname="Homepage" name="check for Homepage the three sliders" time="54.659103">
<system-out><![CDATA[Given open the url..........................................................passed
Then click on shop menu.....................................................passed
Then click on the Home menu button..........................................passed
And check whether Home page is three slider.................................passed
]]></system-out>
</testcase>
<testcase classname="Homepage" name="check for Homepage for the three Arrivals" time="64.431727">
<system-out><![CDATA[Given open the url..........................................................passed
Then click on shop menu.....................................................passed
Then click on the Home menu button..........................................passed
Then check whether the home page has three arrivals.........................passed
]]></system-out>
</testcase>
</testsuite>
